INFO [2024-04-18 13:17:58] $x
INFO [2024-04-18 13:17:58] venn_df
INFO [2024-04-18 13:17:58] 
INFO [2024-04-18 13:17:58] $category.names
INFO [2024-04-18 13:17:58] c("gut", "tongue", "left palm", "right palm")
INFO [2024-04-18 13:17:58] 
INFO [2024-04-18 13:17:58] $filename
INFO [2024-04-18 13:17:58] [1] "./venn_diagram.png"
INFO [2024-04-18 13:17:58] 
INFO [2024-04-18 13:17:58] $main
INFO [2024-04-18 13:17:58] [1] "Venn Diagram"
INFO [2024-04-18 13:17:58] 
INFO [2024-04-18 13:17:58] $output
INFO [2024-04-18 13:17:58] F
INFO [2024-04-18 13:17:58] 
INFO [2024-04-18 13:17:58] $col
INFO [2024-04-18 13:17:58] c("#440154ff", "#21908dff", "#fde725ff", "#E7298A")
INFO [2024-04-18 13:17:58] 
INFO [2024-04-18 13:17:58] $height
INFO [2024-04-18 13:17:58] [1] 9
INFO [2024-04-18 13:17:58] 
INFO [2024-04-18 13:17:58] $width
INFO [2024-04-18 13:17:58] [1] 11
INFO [2024-04-18 13:17:58] 
INFO [2024-04-18 13:17:58] $resolution
INFO [2024-04-18 13:17:58] [1] 500
INFO [2024-04-18 13:17:58] 
INFO [2024-04-18 13:17:58] $units
INFO [2024-04-18 13:17:58] [1] "in"
INFO [2024-04-18 13:17:58] 
INFO [2024-04-18 13:17:58] $imagetype
INFO [2024-04-18 13:17:58] [1] "png"
INFO [2024-04-18 13:17:58] 
INFO [2024-04-18 13:17:58] $fill
INFO [2024-04-18 13:17:58] c("#440154ff", "#21908dff", "#fde725ff", "#E7298A")
INFO [2024-04-18 13:17:58] 
INFO [2024-04-18 13:17:58] $cex
INFO [2024-04-18 13:17:58] [1] 2
INFO [2024-04-18 13:17:58] 
INFO [2024-04-18 13:17:58] $fontfamily
INFO [2024-04-18 13:17:58] [1] "sans"
INFO [2024-04-18 13:17:58] 
INFO [2024-04-18 13:17:58] $cat.cex
INFO [2024-04-18 13:17:58] [1] 1.5
INFO [2024-04-18 13:17:58] 
INFO [2024-04-18 13:17:58] $cat.default.pos
INFO [2024-04-18 13:17:58] [1] "outer"
INFO [2024-04-18 13:17:58] 
INFO [2024-04-18 13:17:58] $cat.fontfamily
INFO [2024-04-18 13:17:58] [1] "sans"
INFO [2024-04-18 13:17:58] 
INFO [2024-04-18 13:17:58] $cat.col
INFO [2024-04-18 13:17:58] c("#440154ff", "#21908dff", "#fde725ff", "#E7298A")
INFO [2024-04-18 13:17:58] 
